2024-11-07 19:42:30.764022: E external/local_xla/xla/stream_executor/cuda/cuda_dnn.cc:9261] Unable to register cuDNN factory: Attempting to register factory for plugin cuDNN when one has already been registered
2024-11-07 19:42:30.764133: E external/local_xla/xla/stream_executor/cuda/cuda_fft.cc:607] Unable to register cuFFT factory: Attempting to register factory for plugin cuFFT when one has already been registered
2024-11-07 19:42:30.764977: E external/local_xla/xla/stream_executor/cuda/cuda_blas.cc:1515] Unable to register cuBLAS factory: Attempting to register factory for plugin cuBLAS when one has already been registered
2024-11-07 19:42:30.770765: I tensorflow/core/platform/cpu_feature_guard.cc:182] This TensorFlow binary is optimized to use available CPU instructions in performance-critical operations.
To enable the following instructions: AVX2 FMA, in other operations, rebuild TensorFlow with the appropriate compiler flags.
2024-11-07 19:42:31.883780: W tensorflow/compiler/tf2tensorrt/utils/py_utils.cc:38] TF-TRT Warning: Could not find TensorRT
You are attempting to use Flash Attention 2.0 with a model not initialized on GPU. Make sure to move the model to GPU after initializing it on CPU with `model.to('cuda')`.
Expected `transformers==4.40.1` and `tokenizers==0.19.1` but got `transformers==4.40.1` and `tokenizers==0.19.0`; there might be inference-time regressions due to dependency changes. If in doubt, pleaseuse the above versions.
You are attempting to use Flash Attention 2.0 without specifying a torch dtype. This might lead to unexpected behaviour
Octo is not correctly imported.
No module named 'octo'
**** openvla ****
Random seed set to 0 for all relevant libraries.
*** policy_setup: widowx_bridge, unnorm_key: bridge_orig ***
Loading checkpoint shards:   0%|          | 0/4 [00:00<?, ?it/s]Loading checkpoint shards:  25%|██▌       | 1/4 [00:00<00:02,  1.34it/s]Loading checkpoint shards:  50%|█████     | 2/4 [00:01<00:01,  1.87it/s]Loading checkpoint shards:  75%|███████▌  | 3/4 [00:01<00:00,  2.17it/s]Loading checkpoint shards: 100%|██████████| 4/4 [00:01<00:00,  2.51it/s]Loading checkpoint shards: 100%|██████████| 4/4 [00:01<00:00,  2.21it/s]
[2024-11-07 19:44:32.556] [svulkan2] [error] GLFW error: X11: Failed to open display 
[2024-11-07 19:44:32.556] [svulkan2] [warning] Continue without GLFW.
/home/yygx/.local/lib/python3.10/site-packages/gymnasium/core.py:311: UserWarning: [33mWARN: env.is_final_subtask to get variables from other wrappers is deprecated and will be removed in v1.0, to get this variable you can do `env.unwrapped.is_final_subtask` for environment variables or `env.get_wrapper_attr('is_final_subtask')` that will search the reminding wrappers.[0m
  logger.warn(
/home/yygx/.local/lib/python3.10/site-packages/gymnasium/core.py:311: UserWarning: [33mWARN: env.robot_uid to get variables from other wrappers is deprecated and will be removed in v1.0, to get this variable you can do `env.unwrapped.robot_uid` for environment variables or `env.get_wrapper_attr('robot_uid')` that will search the reminding wrappers.[0m
  logger.warn(
[2024-11-07 19:46:49.055] [svulkan2] [error] GLFW error: X11: Failed to open display 
[2024-11-07 19:46:49.055] [svulkan2] [warning] Continue without GLFW.
[2024-11-07 19:48:58.686] [svulkan2] [error] GLFW error: X11: Failed to open display 
[2024-11-07 19:48:58.686] [svulkan2] [warning] Continue without GLFW.
[2024-11-07 19:51:11.760] [svulkan2] [error] GLFW error: X11: Failed to open display 
[2024-11-07 19:51:11.760] [svulkan2] [warning] Continue without GLFW.
[2024-11-07 19:53:41.990] [svulkan2] [error] GLFW error: X11: Failed to open display 
[2024-11-07 19:53:41.990] [svulkan2] [warning] Continue without GLFW.
[2024-11-07 19:56:01.440] [svulkan2] [error] GLFW error: X11: Failed to open display 
[2024-11-07 19:56:01.440] [svulkan2] [warning] Continue without GLFW.
[2024-11-07 19:58:44.520] [svulkan2] [error] GLFW error: X11: Failed to open display 
[2024-11-07 19:58:44.520] [svulkan2] [warning] Continue without GLFW.
[2024-11-07 20:00:53.369] [svulkan2] [error] GLFW error: X11: Failed to open display 
[2024-11-07 20:00:53.369] [svulkan2] [warning] Continue without GLFW.
[2024-11-07 20:03:27.121] [svulkan2] [error] GLFW error: X11: Failed to open display 
[2024-11-07 20:03:27.121] [svulkan2] [warning] Continue without GLFW.
[2024-11-07 20:05:28.184] [svulkan2] [error] GLFW error: X11: Failed to open display 
[2024-11-07 20:05:28.184] [svulkan2] [warning] Continue without GLFW.
[2024-11-07 20:07:30.229] [svulkan2] [error] GLFW error: X11: Failed to open display 
[2024-11-07 20:07:30.229] [svulkan2] [warning] Continue without GLFW.
[2024-11-07 20:09:59.948] [svulkan2] [error] GLFW error: X11: Failed to open display 
[2024-11-07 20:09:59.948] [svulkan2] [warning] Continue without GLFW.
[2024-11-07 20:12:22.913] [svulkan2] [error] GLFW error: X11: Failed to open display 
[2024-11-07 20:12:22.913] [svulkan2] [warning] Continue without GLFW.
[2024-11-07 20:14:50.821] [svulkan2] [error] GLFW error: X11: Failed to open display 
[2024-11-07 20:14:50.821] [svulkan2] [warning] Continue without GLFW.
[2024-11-07 20:17:18.168] [svulkan2] [error] GLFW error: X11: Failed to open display 
[2024-11-07 20:17:18.168] [svulkan2] [warning] Continue without GLFW.
[2024-11-07 20:19:46.289] [svulkan2] [error] GLFW error: X11: Failed to open display 
[2024-11-07 20:19:46.289] [svulkan2] [warning] Continue without GLFW.
[2024-11-07 20:22:11.225] [svulkan2] [error] GLFW error: X11: Failed to open display 
[2024-11-07 20:22:11.226] [svulkan2] [warning] Continue without GLFW.
[2024-11-07 20:24:41.635] [svulkan2] [error] GLFW error: X11: Failed to open display 
[2024-11-07 20:24:41.635] [svulkan2] [warning] Continue without GLFW.
