openvla/openvla-7b
2024-10-27 13:15:17.642770: E external/local_xla/xla/stream_executor/cuda/cuda_dnn.cc:9261] Unable to register cuDNN factory: Attempting to register factory for plugin cuDNN when one has already been registered
2024-10-27 13:15:17.642853: E external/local_xla/xla/stream_executor/cuda/cuda_fft.cc:607] Unable to register cuFFT factory: Attempting to register factory for plugin cuFFT when one has already been registered
2024-10-27 13:15:17.644289: E external/local_xla/xla/stream_executor/cuda/cuda_blas.cc:1515] Unable to register cuBLAS factory: Attempting to register factory for plugin cuBLAS when one has already been registered
2024-10-27 13:15:17.651474: I tensorflow/core/platform/cpu_feature_guard.cc:182] This TensorFlow binary is optimized to use available CPU instructions in performance-critical operations.
To enable the following instructions: AVX2 FMA, in other operations, rebuild TensorFlow with the appropriate compiler flags.
2024-10-27 13:15:18.935909: W tensorflow/compiler/tf2tensorrt/utils/py_utils.cc:38] TF-TRT Warning: Could not find TensorRT
/mnt/arc/yygx/.conda/envs/openvla/lib/python3.10/site-packages/huggingface_hub/file_download.py:1142: FutureWarning: `resume_download` is deprecated and will be removed in version 1.0.0. Downloads always resume when possible. If you want to force a new download, use `force_download=True`.
  warnings.warn(
/mnt/arc/yygx/.conda/envs/openvla/lib/python3.10/site-packages/huggingface_hub/file_download.py:1142: FutureWarning: `resume_download` is deprecated and will be removed in version 1.0.0. Downloads always resume when possible. If you want to force a new download, use `force_download=True`.
  warnings.warn(
You are attempting to use Flash Attention 2.0 with a model not initialized on GPU. Make sure to move the model to GPU after initializing it on CPU with `model.to('cuda')`.
Expected `transformers==4.40.1` and `tokenizers==0.19.1` but got `transformers==4.40.1` and `tokenizers==0.19.0`; there might be inference-time regressions due to dependency changes. If in doubt, pleaseuse the above versions.
You are attempting to use Flash Attention 2.0 without specifying a torch dtype. This might lead to unexpected behaviour
Octo is not correctly imported.
No module named 'octo'
**** openvla ****
*** policy_setup: google_robot, unnorm_key: fractal20220817_data ***
Loading checkpoint shards:   0%|          | 0/3 [00:00<?, ?it/s]Loading checkpoint shards:  33%|███▎      | 1/3 [00:00<00:00,  2.13it/s]Loading checkpoint shards:  67%|██████▋   | 2/3 [00:00<00:00,  2.56it/s]Loading checkpoint shards: 100%|██████████| 3/3 [00:01<00:00,  2.75it/s]Loading checkpoint shards: 100%|██████████| 3/3 [00:01<00:00,  2.64it/s]
/mnt/arc/yygx/.conda/envs/openvla/lib/python3.10/site-packages/huggingface_hub/file_download.py:1142: FutureWarning: `resume_download` is deprecated and will be removed in version 1.0.0. Downloads always resume when possible. If you want to force a new download, use `force_download=True`.
  warnings.warn(
[2024-10-27 13:15:37.189] [svulkan2] [error] GLFW error: X11: Failed to open display 
[2024-10-27 13:15:37.189] [svulkan2] [warning] Continue without GLFW.
/home/yygx/.local/lib/python3.10/site-packages/gymnasium/core.py:311: UserWarning: [33mWARN: env.is_final_subtask to get variables from other wrappers is deprecated and will be removed in v1.0, to get this variable you can do `env.unwrapped.is_final_subtask` for environment variables or `env.get_wrapper_attr('is_final_subtask')` that will search the reminding wrappers.[0m
  logger.warn(
/home/yygx/.local/lib/python3.10/site-packages/gymnasium/core.py:311: UserWarning: [33mWARN: env.get_language_instruction to get variables from other wrappers is deprecated and will be removed in v1.0, to get this variable you can do `env.unwrapped.get_language_instruction` for environment variables or `env.get_wrapper_attr('get_language_instruction')` that will search the reminding wrappers.[0m
  logger.warn(
/home/yygx/.local/lib/python3.10/site-packages/gymnasium/core.py:311: UserWarning: [33mWARN: env.robot_uid to get variables from other wrappers is deprecated and will be removed in v1.0, to get this variable you can do `env.unwrapped.robot_uid` for environment variables or `env.get_wrapper_attr('robot_uid')` that will search the reminding wrappers.[0m
  logger.warn(
[2024-10-27 13:16:27.420] [svulkan2] [error] GLFW error: X11: Failed to open display 
[2024-10-27 13:16:27.420] [svulkan2] [warning] Continue without GLFW.
[2024-10-27 13:17:18.132] [svulkan2] [error] GLFW error: X11: Failed to open display 
[2024-10-27 13:17:18.132] [svulkan2] [warning] Continue without GLFW.
[2024-10-27 13:18:11.992] [svulkan2] [error] GLFW error: X11: Failed to open display 
[2024-10-27 13:18:11.992] [svulkan2] [warning] Continue without GLFW.
[2024-10-27 13:19:01.103] [svulkan2] [error] GLFW error: X11: Failed to open display 
[2024-10-27 13:19:01.103] [svulkan2] [warning] Continue without GLFW.
[2024-10-27 13:19:50.393] [svulkan2] [error] GLFW error: X11: Failed to open display 
[2024-10-27 13:19:50.393] [svulkan2] [warning] Continue without GLFW.
[2024-10-27 13:20:40.417] [svulkan2] [error] GLFW error: X11: Failed to open display 
[2024-10-27 13:20:40.417] [svulkan2] [warning] Continue without GLFW.
[2024-10-27 13:21:28.041] [svulkan2] [error] GLFW error: X11: Failed to open display 
[2024-10-27 13:21:28.041] [svulkan2] [warning] Continue without GLFW.
[2024-10-27 13:22:20.391] [svulkan2] [error] GLFW error: X11: Failed to open display 
[2024-10-27 13:22:20.391] [svulkan2] [warning] Continue without GLFW.
[2024-10-27 13:23:08.732] [svulkan2] [error] GLFW error: X11: Failed to open display 
[2024-10-27 13:23:08.732] [svulkan2] [warning] Continue without GLFW.
[2024-10-27 13:23:59.112] [svulkan2] [error] GLFW error: X11: Failed to open display 
[2024-10-27 13:23:59.112] [svulkan2] [warning] Continue without GLFW.
[2024-10-27 13:24:48.065] [svulkan2] [error] GLFW error: X11: Failed to open display 
[2024-10-27 13:24:48.065] [svulkan2] [warning] Continue without GLFW.
[2024-10-27 13:25:39.384] [svulkan2] [error] GLFW error: X11: Failed to open display 
[2024-10-27 13:25:39.384] [svulkan2] [warning] Continue without GLFW.
[2024-10-27 13:26:29.056] [svulkan2] [error] GLFW error: X11: Failed to open display 
[2024-10-27 13:26:29.056] [svulkan2] [warning] Continue without GLFW.
[2024-10-27 13:27:20.777] [svulkan2] [error] GLFW error: X11: Failed to open display 
[2024-10-27 13:27:20.777] [svulkan2] [warning] Continue without GLFW.
[2024-10-27 13:28:11.437] [svulkan2] [error] GLFW error: X11: Failed to open display 
[2024-10-27 13:28:11.437] [svulkan2] [warning] Continue without GLFW.
[2024-10-27 13:29:04.269] [svulkan2] [error] GLFW error: X11: Failed to open display 
[2024-10-27 13:29:04.269] [svulkan2] [warning] Continue without GLFW.
[2024-10-27 13:29:53.967] [svulkan2] [error] GLFW error: X11: Failed to open display 
[2024-10-27 13:29:53.967] [svulkan2] [warning] Continue without GLFW.
[2024-10-27 13:30:51.192] [svulkan2] [error] GLFW error: X11: Failed to open display 
[2024-10-27 13:30:51.192] [svulkan2] [warning] Continue without GLFW.
[2024-10-27 13:31:39.561] [svulkan2] [error] GLFW error: X11: Failed to open display 
[2024-10-27 13:31:39.561] [svulkan2] [warning] Continue without GLFW.
[2024-10-27 13:32:28.401] [svulkan2] [error] GLFW error: X11: Failed to open display 
[2024-10-27 13:32:28.401] [svulkan2] [warning] Continue without GLFW.
/mnt/arc/yygx/pkgs_baselines/SimplerEnv-OpenVLA/simpler_env/policies/openvla/openvla_model.py:162: RuntimeWarning: More than 20 figures have been opened. Figures created through the pyplot interface (`matplotlib.pyplot.figure`) are retained until explicitly closed and may consume too much memory. (To control this warning, see the rcParam `figure.max_open_warning`). Consider using `matplotlib.pyplot.close()`.
  fig, axs = plt.subplot_mosaic(figure_layout)
[2024-10-27 13:33:17.845] [svulkan2] [error] GLFW error: X11: Failed to open display 
[2024-10-27 13:33:17.845] [svulkan2] [warning] Continue without GLFW.
[2024-10-27 13:34:11.940] [svulkan2] [error] GLFW error: X11: Failed to open display 
[2024-10-27 13:34:11.940] [svulkan2] [warning] Continue without GLFW.
