2024-10-25 14:37:15.081710: E external/local_xla/xla/stream_executor/cuda/cuda_dnn.cc:9261] Unable to register cuDNN factory: Attempting to register factory for plugin cuDNN when one has already been registered
2024-10-25 14:37:15.081810: E external/local_xla/xla/stream_executor/cuda/cuda_fft.cc:607] Unable to register cuFFT factory: Attempting to register factory for plugin cuFFT when one has already been registered
2024-10-25 14:37:15.082937: E external/local_xla/xla/stream_executor/cuda/cuda_blas.cc:1515] Unable to register cuBLAS factory: Attempting to register factory for plugin cuBLAS when one has already been registered
2024-10-25 14:37:15.089913: I tensorflow/core/platform/cpu_feature_guard.cc:182] This TensorFlow binary is optimized to use available CPU instructions in performance-critical operations.
To enable the following instructions: AVX2 FMA, in other operations, rebuild TensorFlow with the appropriate compiler flags.
2024-10-25 14:37:16.702757: W tensorflow/compiler/tf2tensorrt/utils/py_utils.cc:38] TF-TRT Warning: Could not find TensorRT
/mnt/arc/yygx/.conda/envs/openvla/lib/python3.10/site-packages/huggingface_hub/file_download.py:1142: FutureWarning: `resume_download` is deprecated and will be removed in version 1.0.0. Downloads always resume when possible. If you want to force a new download, use `force_download=True`.
  warnings.warn(
/mnt/arc/yygx/.conda/envs/openvla/lib/python3.10/site-packages/huggingface_hub/file_download.py:1142: FutureWarning: `resume_download` is deprecated and will be removed in version 1.0.0. Downloads always resume when possible. If you want to force a new download, use `force_download=True`.
  warnings.warn(
You are attempting to use Flash Attention 2.0 with a model not initialized on GPU. Make sure to move the model to GPU after initializing it on CPU with `model.to('cuda')`.
Expected `transformers==4.40.1` and `tokenizers==0.19.1` but got `transformers==4.40.1` and `tokenizers==0.19.0`; there might be inference-time regressions due to dependency changes. If in doubt, pleaseuse the above versions.
You are attempting to use Flash Attention 2.0 without specifying a torch dtype. This might lead to unexpected behaviour
Octo is not correctly imported.
No module named 'octo'
**** openvla ****
*** policy_setup: widowx_bridge, unnorm_key: bridge_orig ***
Loading checkpoint shards:   0%|          | 0/3 [00:00<?, ?it/s]Loading checkpoint shards:  33%|███▎      | 1/3 [00:00<00:00,  2.00it/s]Loading checkpoint shards:  67%|██████▋   | 2/3 [00:00<00:00,  2.11it/s]Loading checkpoint shards: 100%|██████████| 3/3 [00:01<00:00,  2.16it/s]Loading checkpoint shards: 100%|██████████| 3/3 [00:01<00:00,  2.13it/s]
/mnt/arc/yygx/.conda/envs/openvla/lib/python3.10/site-packages/huggingface_hub/file_download.py:1142: FutureWarning: `resume_download` is deprecated and will be removed in version 1.0.0. Downloads always resume when possible. If you want to force a new download, use `force_download=True`.
  warnings.warn(
[2024-10-25 14:37:44.536] [svulkan2] [error] GLFW error: X11: Failed to open display 
[2024-10-25 14:37:44.536] [svulkan2] [warning] Continue without GLFW.
/home/yygx/.local/lib/python3.10/site-packages/gymnasium/core.py:311: UserWarning: [33mWARN: env.is_final_subtask to get variables from other wrappers is deprecated and will be removed in v1.0, to get this variable you can do `env.unwrapped.is_final_subtask` for environment variables or `env.get_wrapper_attr('is_final_subtask')` that will search the reminding wrappers.[0m
  logger.warn(
/home/yygx/.local/lib/python3.10/site-packages/gymnasium/core.py:311: UserWarning: [33mWARN: env.get_language_instruction to get variables from other wrappers is deprecated and will be removed in v1.0, to get this variable you can do `env.unwrapped.get_language_instruction` for environment variables or `env.get_wrapper_attr('get_language_instruction')` that will search the reminding wrappers.[0m
  logger.warn(
/home/yygx/.local/lib/python3.10/site-packages/gymnasium/core.py:311: UserWarning: [33mWARN: env.robot_uid to get variables from other wrappers is deprecated and will be removed in v1.0, to get this variable you can do `env.unwrapped.robot_uid` for environment variables or `env.get_wrapper_attr('robot_uid')` that will search the reminding wrappers.[0m
  logger.warn(
[2024-10-25 14:38:44.322] [svulkan2] [error] GLFW error: X11: Failed to open display 
[2024-10-25 14:38:44.322] [svulkan2] [warning] Continue without GLFW.
[2024-10-25 14:39:56.301] [svulkan2] [error] GLFW error: X11: Failed to open display 
[2024-10-25 14:39:56.301] [svulkan2] [warning] Continue without GLFW.
[2024-10-25 14:40:53.797] [svulkan2] [error] GLFW error: X11: Failed to open display 
[2024-10-25 14:40:53.797] [svulkan2] [warning] Continue without GLFW.
[2024-10-25 14:41:48.234] [svulkan2] [error] GLFW error: X11: Failed to open display 
[2024-10-25 14:41:48.234] [svulkan2] [warning] Continue without GLFW.
